<?xml version="1.0" encoding="UTF-8"?>
<testsuite name="hello.WebLayerTest" tests="1" skipped="0" failures="0" errors="0" timestamp="2019-03-01T17:51:39" hostname="Shokunbis-MacBook-Pro.local" time="0.253">
  <properties/>
  <testcase name="shouldReturnDefaultMessage" classname="hello.WebLayerTest" time="0.253"/>
  <system-out><![CDATA[2019-03-01 18:51:38.752  INFO 86382 --- [    Test worker] .b.t.a.w.s.WebMvcTestContextBootstrapper : Neither @ContextConfiguration nor @ContextHierarchy found for test class [hello.WebLayerTest], using SpringBootContextLoader
2019-03-01 18:51:38.753  INFO 86382 --- [    Test worker] o.s.t.c.support.AbstractContextLoader    : Could not detect default resource locations for test class [hello.WebLayerTest]: no resource found for suffixes {-context.xml, Context.groovy}.
2019-03-01 18:51:38.754  INFO 86382 --- [    Test worker] t.c.s.AnnotationConfigContextLoaderUtils : Could not detect default configuration classes for test class [hello.WebLayerTest]: WebLayerTest does not declare any static, non-private, non-final, nested classes annotated with @Configuration.
2019-03-01 18:51:38.784  INFO 86382 --- [    Test worker] .b.t.c.SpringBootTestContextBootstrapper : Found @SpringBootConfiguration hello.Application for test class hello.WebLayerTest
2019-03-01 18:51:38.785  INFO 86382 --- [    Test worker] .b.t.a.w.s.WebMvcTestContextBootstrapper : Loaded default TestExecutionListener class names from location [META-INF/spring.factories]: [org.springframework.boot.test.autoconfigure.restdocs.RestDocsTestExecutionListener, org.springframework.boot.test.autoconfigure.web.client.MockRestServiceServerResetTestExecutionListener, org.springframework.boot.test.autoconfigure.web.servlet.MockMvcPrintOnlyOnFailureTestExecutionListener, org.springframework.boot.test.autoconfigure.web.servlet.WebDriverTestExecutionListener, org.springframework.boot.test.mock.mockito.MockitoTestExecutionListener, org.springframework.boot.test.mock.mockito.ResetMocksTestExecutionListener, org.springframework.test.context.web.ServletTestExecutionListener, org.springframework.test.context.support.DirtiesContextBeforeModesTestExecutionListener, org.springframework.test.context.support.DependencyInjectionTestExecutionListener, org.springframework.test.context.support.DirtiesContextTestExecutionListener, org.springframework.test.context.transaction.TransactionalTestExecutionListener, org.springframework.test.context.jdbc.SqlScriptsTestExecutionListener]
2019-03-01 18:51:38.791  INFO 86382 --- [    Test worker] .b.t.a.w.s.WebMvcTestContextBootstrapper : Using TestExecutionListeners: [org.springframework.test.context.web.ServletTestExecutionListener@70ca9352, org.springframework.test.context.support.DirtiesContextBeforeModesTestExecutionListener@6b1b4a08, org.springframework.boot.test.mock.mockito.MockitoTestExecutionListener@28267ceb, org.springframework.boot.test.autoconfigure.SpringBootDependencyInjectionTestExecutionListener@47f3f8da, org.springframework.test.context.support.DirtiesContextTestExecutionListener@6307a375, org.springframework.boot.test.autoconfigure.restdocs.RestDocsTestExecutionListener@52fdfe17, org.springframework.boot.test.autoconfigure.web.client.MockRestServiceServerResetTestExecutionListener@49271187, org.springframework.boot.test.autoconfigure.web.servlet.MockMvcPrintOnlyOnFailureTestExecutionListener@11ca0551, org.springframework.boot.test.autoconfigure.web.servlet.WebDriverTestExecutionListener@4f080016, org.springframework.boot.test.mock.mockito.ResetMocksTestExecutionListener@72b842a6]

  .   ____          _            __ _ _
 /\\ / ___'_ __ _ _(_)_ __  __ _ \ \ \ \
( ( )\___ | '_ | '_| | '_ \/ _` | \ \ \ \
 \\/  ___)| |_)| | | | | || (_| |  ) ) ) )
  '  |____| .__|_| |_|_| |_\__, | / / / /
 =========|_|==============|___/=/_/_/_/
 :: Spring Boot ::        (v2.0.5.RELEASE)

2019-03-01 18:51:38.829  INFO 86382 --- [    Test worker] hello.WebLayerTest                       : Starting WebLayerTest on Shokunbis-MacBook-Pro.local with PID 86382 (started by FAITH.A in /Development/Java/HelloRestDoc)
2019-03-01 18:51:38.832  INFO 86382 --- [    Test worker] hello.WebLayerTest                       : No active profile set, falling back to default profiles: default
2019-03-01 18:51:38.835  INFO 86382 --- [    Test worker] o.s.w.c.s.GenericWebApplicationContext   : Refreshing org.springframework.web.context.support.GenericWebApplicationContext@39fce8e0: startup date [Fri Mar 01 18:51:38 WAT 2019]; root of context hierarchy
2019-03-01 18:51:39.348  INFO 86382 --- [    Test worker] o.s.w.s.handler.SimpleUrlHandlerMapping  : Mapped URL path [/**/favicon.ico] onto handler of type [class org.springframework.web.servlet.resource.ResourceHttpRequestHandler]
2019-03-01 18:51:39.527  INFO 86382 --- [    Test worker] s.w.s.m.m.a.RequestMappingHandlerAdapter : Looking for @ControllerAdvice: org.springframework.web.context.support.GenericWebApplicationContext@39fce8e0: startup date [Fri Mar 01 18:51:38 WAT 2019]; root of context hierarchy
2019-03-01 18:51:39.570  INFO 86382 --- [    Test worker] s.w.s.m.m.a.RequestMappingHandlerMapping : Mapped "{[/],methods=[GET]}" onto public java.util.Map<java.lang.String, java.lang.Object> hello.HomeController.greeting()
2019-03-01 18:51:39.587  INFO 86382 --- [    Test worker] s.w.s.m.m.a.RequestMappingHandlerMapping : Mapped "{[/error]}" onto public org.springframework.http.ResponseEntity<java.util.Map<java.lang.String, java.lang.Object>> org.springframework.boot.autoconfigure.web.servlet.error.BasicErrorController.error(javax.servlet.http.HttpServletRequest)
2019-03-01 18:51:39.588  INFO 86382 --- [    Test worker] s.w.s.m.m.a.RequestMappingHandlerMapping : Mapped "{[/error],produces=[text/html]}" onto public org.springframework.web.servlet.ModelAndView org.springframework.boot.autoconfigure.web.servlet.error.BasicErrorController.errorHtml(javax.servlet.http.HttpServletRequest,javax.servlet.http.HttpServletResponse)
2019-03-01 18:51:39.626  INFO 86382 --- [    Test worker] o.s.w.s.handler.SimpleUrlHandlerMapping  : Mapped URL path [/webjars/**] onto handler of type [class org.springframework.web.servlet.resource.ResourceHttpRequestHandler]
2019-03-01 18:51:39.628  INFO 86382 --- [    Test worker] o.s.w.s.handler.SimpleUrlHandlerMapping  : Mapped URL path [/**] onto handler of type [class org.springframework.web.servlet.resource.ResourceHttpRequestHandler]
2019-03-01 18:51:39.920  INFO 86382 --- [    Test worker] o.s.b.t.m.w.SpringBootMockServletContext : Initializing Spring FrameworkServlet ''
2019-03-01 18:51:39.921  INFO 86382 --- [    Test worker] o.s.t.web.servlet.TestDispatcherServlet  : FrameworkServlet '': initialization started
2019-03-01 18:51:39.935  INFO 86382 --- [    Test worker] o.s.t.web.servlet.TestDispatcherServlet  : FrameworkServlet '': initialization completed in 13 ms
2019-03-01 18:51:39.953  INFO 86382 --- [    Test worker] hello.WebLayerTest                       : Started WebLayerTest in 1.157 seconds (JVM running for 6.137)

MockHttpServletRequest:
      HTTP Method = GET
      Request URI = /
       Parameters = {}
          Headers = {}
             Body = <no character encoding set>
    Session Attrs = {}

Handler:
             Type = hello.HomeController
           Method = public java.util.Map<java.lang.String, java.lang.Object> hello.HomeController.greeting()

Async:
    Async started = false
     Async result = null

Resolved Exception:
             Type = null

ModelAndView:
        View name = null
             View = null
            Model = null

FlashMap:
       Attributes = null

MockHttpServletResponse:
           Status = 200
    Error message = null
          Headers = {Content-Type=[application/json;charset=UTF-8]}
     Content type = application/json;charset=UTF-8
             Body = {"message":"Hello World!"}
    Forwarded URL = null
   Redirected URL = null
          Cookies = []
]]></system-out>
  <system-err><![CDATA[]]></system-err>
</testsuite>
